生成启动时间为 2020/11/20 19:02:23。
     1>项目“D:\MQS_OpenCv\rotate\rotate.vcxproj”在节点 2 上(rebuild 个目标)。
     1>_PrepareForClean:
         正在删除文件“Debug\rotate.lastbuildstate”。
       InitializeBuildStatus:
         正在创建“Debug\rotate.unsuccessfulbuild”，因为已指定“AlwaysCreate”。
       ClCompile:
         d:\Visual Studio 2010\VC\bin\CL.exe /c /ZI /nologo /W3 /WX- /Od /Oy- /D WIN32 /D _DEBUG /D _CONSOLE /D _UNICODE /D UNICODE /Gm /EHsc /RTC1 /MDd /GS /fp:precise /Zc:wchar_t /Zc:forScope /Fo"Debug\\" /Fd"Debug\vc100.pdb" /Gd /TP /analyze- /errorReport:prompt rotate.cpp
         rotate.cpp
     1>d:\mqs_opencv\rotate\rotate.cpp(67): warning C4244: “参数”: 从“float”转换到“int”，可能丢失数据
       ManifestResourceCompile:
         C:\Program Files (x86)\Microsoft SDKs\Windows\v7.0A\bin\rc.exe /nologo /fo"Debug\rotate.exe.embed.manifest.res" Debug\rotate_manifest.rc 
       Link:
         d:\Visual Studio 2010\VC\bin\link.exe /ERRORREPORT:PROMPT /OUT:"D:\MQS_OpenCv\rotate\Debug\rotate.exe" /INCREMENTAL /NOLOGO "D:\OpenCV_old\opencv\build\x86\vc10\lib\*d.lib" "D:\OpenCV_old\opencv\build\x86\vc10\staticlib\*d.lib" kernel32.lib user32.lib gdi32.lib winspool.lib comdlg32.lib advapi32.lib shell32.lib ole32.lib oleaut32.lib uuid.lib odbc32.lib odbccp32.lib /MANIFEST /ManifestFile:"Debug\rotate.exe.intermediate.manifest" /MANIFESTUAC:"level='asInvoker' uiAccess='false'" /DEBUG /PDB:"D:\MQS_OpenCv\rotate\Debug\rotate.pdb" /SUBSYSTEM:CONSOLE /TLBID:1 /DYNAMICBASE /NXCOMPAT /IMPLIB:"D:\MQS_OpenCv\rotate\Debug\rotate.lib" /MACHINE:X86 Debug\rotate.exe.embed.manifest.res
         Debug\rotate.obj
       Manifest:
         正在删除文件“Debug\rotate.exe.embed.manifest”。
         C:\Program Files (x86)\Microsoft SDKs\Windows\v7.0A\bin\mt.exe /nologo /verbose /out:"Debug\rotate.exe.embed.manifest" /manifest Debug\rotate.exe.intermediate.manifest
         C:\Program Files (x86)\Microsoft SDKs\Windows\v7.0A\bin\rc.exe /nologo /fo"Debug\rotate.exe.embed.manifest.res" Debug\rotate_manifest.rc 
       LinkEmbedManifest:
         d:\Visual Studio 2010\VC\bin\link.exe /ERRORREPORT:PROMPT /OUT:"D:\MQS_OpenCv\rotate\Debug\rotate.exe" /INCREMENTAL /NOLOGO "D:\OpenCV_old\opencv\build\x86\vc10\lib\*d.lib" "D:\OpenCV_old\opencv\build\x86\vc10\staticlib\*d.lib" kernel32.lib user32.lib gdi32.lib winspool.lib comdlg32.lib advapi32.lib shell32.lib ole32.lib oleaut32.lib uuid.lib odbc32.lib odbccp32.lib /MANIFEST /ManifestFile:"Debug\rotate.exe.intermediate.manifest" /MANIFESTUAC:"level='asInvoker' uiAccess='false'" /DEBUG /PDB:"D:\MQS_OpenCv\rotate\Debug\rotate.pdb" /SUBSYSTEM:CONSOLE /TLBID:1 /DYNAMICBASE /NXCOMPAT /IMPLIB:"D:\MQS_OpenCv\rotate\Debug\rotate.lib" /MACHINE:X86 Debug\rotate.exe.embed.manifest.res
         Debug\rotate.obj
         rotate.vcxproj -> D:\MQS_OpenCv\rotate\Debug\rotate.exe
       FinalizeBuildStatus:
         正在删除文件“Debug\rotate.unsuccessfulbuild”。
         正在对“Debug\rotate.lastbuildstate”执行 Touch 任务。
     1>已完成生成项目“D:\MQS_OpenCv\rotate\rotate.vcxproj”(rebuild 个目标)的操作。

生成成功。

已用时间 00:00:02.00
