生成启动时间为 2020/12/22 20:09:09。
     1>项目“D:\MQS_OpenCv\Consquence_transform\Consquence_transform.vcxproj”在节点 2 上(build 个目标)。
     1>InitializeBuildStatus:
         正在创建“Debug\Consquence_transform.unsuccessfulbuild”，因为已指定“AlwaysCreate”。
       ClCompile:
         d:\Visual Studio 2010\VC\bin\CL.exe /c /ZI /nologo /W3 /WX- /Od /Oy- /D WIN32 /D _DEBUG /D _CONSOLE /D _UNICODE /D UNICODE /Gm /EHsc /RTC1 /MDd /GS /fp:precise /Zc:wchar_t /Zc:forScope /Fo"Debug\\" /Fd"Debug\vc100.pdb" /Gd /TP /analyze- /errorReport:prompt Consquence_transform.cpp
         Consquence_transform.cpp
     1>d:\opencv_old\opencv\build\include\opencv2\flann\logger.h(66): warning C4996: 'fopen': This function or variable may be unsafe. Consider using fopen_s instead. To disable deprecation, use _CRT_SECURE_NO_WARNINGS. See online help for details.
                 d:\visual studio 2010\vc\include\stdio.h(234) : 参见“fopen”的声明
     1>d:\mqs_opencv\consquence_transform\consquence_transform.cpp(39): warning C4309: “=”: 截断常量值
     1>d:\mqs_opencv\consquence_transform\consquence_transform.cpp(44): warning C4309: “=”: 截断常量值
     1>d:\mqs_opencv\consquence_transform\consquence_transform.cpp(49): warning C4309: “=”: 截断常量值
       ManifestResourceCompile:
         所有输出均为最新。
       Link:
         d:\Visual Studio 2010\VC\bin\link.exe /ERRORREPORT:PROMPT /OUT:"D:\MQS_OpenCv\Consquence_transform\Debug\Consquence_transform.exe" /INCREMENTAL /NOLOGO "D:\OpenCV_old\opencv\build\x86\vc10\lib\*d.lib" "D:\OpenCV_old\opencv\build\x86\vc10\staticlib\*d.lib" kernel32.lib user32.lib gdi32.lib winspool.lib comdlg32.lib advapi32.lib shell32.lib ole32.lib oleaut32.lib uuid.lib odbc32.lib odbccp32.lib /MANIFEST /ManifestFile:"Debug\Consquence_transform.exe.intermediate.manifest" /MANIFESTUAC:"level='asInvoker' uiAccess='false'" /DEBUG /PDB:"D:\MQS_OpenCv\Consquence_transform\Debug\Consquence_transform.pdb" /SUBSYSTEM:CONSOLE /TLBID:1 /DYNAMICBASE /NXCOMPAT /IMPLIB:"D:\MQS_OpenCv\Consquence_transform\Debug\Consquence_transform.lib" /MACHINE:X86 Debug\Consquence_transform.exe.embed.manifest.res
         Debug\Consquence_transform.obj
       Manifest:
         C:\Program Files (x86)\Microsoft SDKs\Windows\v7.0A\bin\mt.exe /nologo /verbose /out:"Debug\Consquence_transform.exe.embed.manifest" /manifest Debug\Consquence_transform.exe.intermediate.manifest
         所有输出均为最新。
       LinkEmbedManifest:
         所有输出均为最新。
         Consquence_transform.vcxproj -> D:\MQS_OpenCv\Consquence_transform\Debug\Consquence_transform.exe
       FinalizeBuildStatus:
         正在删除文件“Debug\Consquence_transform.unsuccessfulbuild”。
         正在对“Debug\Consquence_transform.lastbuildstate”执行 Touch 任务。
     1>已完成生成项目“D:\MQS_OpenCv\Consquence_transform\Consquence_transform.vcxproj”(build 个目标)的操作。

生成成功。

已用时间 00:00:01.59
