D:\MQS_OpenCv\First_experiment\Debug\cl.command.1.tlog
D:\MQS_OpenCv\First_experiment\Debug\CL.read.1.tlog
D:\MQS_OpenCv\First_experiment\Debug\CL.write.1.tlog
D:\MQS_OPENCV\FIRST_EXPERIMENT\DEBUG\FIRST_EXPERIMENT.EXE
D:\MQS_OPENCV\FIRST_EXPERIMENT\DEBUG\FIRST_EXPERIMENT.EXE.EMBED.MANIFEST
D:\MQS_OPENCV\FIRST_EXPERIMENT\DEBUG\FIRST_EXPERIMENT.EXE.EMBED.MANIFEST.RES
D:\MQS_OPENCV\FIRST_EXPERIMENT\DEBUG\FIRST_EXPERIMENT.EXE.INTERMEDIATE.MANIFEST
D:\MQS_OPENCV\FIRST_EXPERIMENT\DEBUG\FIRST_EXPERIMENT.ILK
D:\MQS_OPENCV\FIRST_EXPERIMENT\DEBUG\FIRST_EXPERIMENT.PDB
D:\MQS_OpenCv\First_experiment\Debug\First_experiment.write.1.tlog
D:\MQS_OpenCv\First_experiment\Debug\First_experiment_manifest.rc
D:\MQS_OpenCv\First_experiment\Debug\link.3612.read.1.tlog
D:\MQS_OpenCv\First_experiment\Debug\link.3612.write.1.tlog
D:\MQS_OpenCv\First_experiment\Debug\link.3612-cvtres.read.1.tlog
D:\MQS_OpenCv\First_experiment\Debug\link.3612-cvtres.write.1.tlog
D:\MQS_OpenCv\First_experiment\Debug\link.command.1.tlog
D:\MQS_OpenCv\First_experiment\Debug\link.read.1.tlog
D:\MQS_OpenCv\First_experiment\Debug\link.write.1.tlog
D:\MQS_OpenCv\First_experiment\Debug\link-cvtres.read.1.tlog
D:\MQS_OpenCv\First_experiment\Debug\link-cvtres.write.1.tlog
D:\MQS_OPENCV\FIRST_EXPERIMENT\DEBUG\LINYUPINGJUN.OBJ
D:\MQS_OpenCv\First_experiment\Debug\mt.command.1.tlog
D:\MQS_OpenCv\First_experiment\Debug\mt.read.1.tlog
D:\MQS_OpenCv\First_experiment\Debug\mt.write.1.tlog
D:\MQS_OpenCv\First_experiment\Debug\rc.command.1.tlog
D:\MQS_OpenCv\First_experiment\Debug\rc.read.1.tlog
D:\MQS_OpenCv\First_experiment\Debug\rc.write.1.tlog
D:\MQS_OpenCv\First_experiment\Debug\vc100.idb
D:\MQS_OPENCV\FIRST_EXPERIMENT\DEBUG\VC100.PDB
