生成启动时间为 2021/1/11 14:05:13。
     1>项目“D:\MQS_OpenCv\Paper_GS\Paper_GS.vcxproj”在节点 2 上(rebuild 个目标)。
     1>_PrepareForClean:
         正在删除文件“Debug\Paper_GS.lastbuildstate”。
       InitializeBuildStatus:
         正在对“Debug\Paper_GS.unsuccessfulbuild”执行 Touch 任务。
       ClCompile:
         d:\Visual Studio 2010\VC\bin\CL.exe /c /ZI /nologo /W3 /WX- /Od /Oy- /D WIN32 /D _DEBUG /D _WINDOWS /D _UNICODE /D UNICODE /Gm /EHsc /RTC1 /MDd /GS /fp:precise /Zc:wchar_t /Zc:forScope /Fo"Debug\\" /Fd"Debug\vc100.pdb" /Gd /TP /analyze- /errorReport:prompt GS.cpp
         GS.cpp
     1>d:\mqs_opencv\paper_gs\gs.cpp(64): warning C4244: “=”: 从“double”转换到“char”，可能丢失数据
       ManifestResourceCompile:
         C:\Program Files (x86)\Microsoft SDKs\Windows\v7.0A\bin\rc.exe /nologo /fo"Debug\Paper_GS.exe.embed.manifest.res" Debug\Paper_GS_manifest.rc 
       Link:
         d:\Visual Studio 2010\VC\bin\link.exe /ERRORREPORT:PROMPT /OUT:"D:\MQS_OpenCv\Paper_GS\Debug\Paper_GS.exe" /INCREMENTAL /NOLOGO "D:\OpenCV_old\opencv\build\x86\vc10\lib\*d.lib" "D:\OpenCV_old\opencv\build\x86\vc10\staticlib\*d.lib" kernel32.lib user32.lib gdi32.lib winspool.lib comdlg32.lib advapi32.lib shell32.lib ole32.lib oleaut32.lib uuid.lib odbc32.lib odbccp32.lib /MANIFEST /ManifestFile:"Debug\Paper_GS.exe.intermediate.manifest" /MANIFESTUAC:"level='asInvoker' uiAccess='false'" /DEBUG /PDB:"D:\MQS_OpenCv\Paper_GS\Debug\Paper_GS.pdb" /SUBSYSTEM:WINDOWS /TLBID:1 /DYNAMICBASE /NXCOMPAT /IMPLIB:"D:\MQS_OpenCv\Paper_GS\Debug\Paper_GS.lib" /MACHINE:X86 Debug\Paper_GS.exe.embed.manifest.res
         Debug\GS.obj
     1>MSVCRTD.lib(crtexew.obj) : error LNK2019: 无法解析的外部符号 _WinMain@16，该符号在函数 ___tmainCRTStartup 中被引用
     1>D:\MQS_OpenCv\Paper_GS\Debug\Paper_GS.exe : fatal error LNK1120: 1 个无法解析的外部命令
     1>已完成生成项目“D:\MQS_OpenCv\Paper_GS\Paper_GS.vcxproj”(rebuild 个目标)的操作 - 失败。

生成失败。

已用时间 00:00:01.43
