D:\MQS_OpenCv\Paper_GS\Debug\cl.command.1.tlog
D:\MQS_OpenCv\Paper_GS\Debug\CL.read.1.tlog
D:\MQS_OpenCv\Paper_GS\Debug\CL.write.1.tlog
D:\MQS_OPENCV\PAPER_GS\DEBUG\GS.OBJ
D:\MQS_OpenCv\Paper_GS\Debug\link.command.1.tlog
D:\MQS_OpenCv\Paper_GS\Debug\link.read.1.tlog
D:\MQS_OpenCv\Paper_GS\Debug\link.write.1.tlog
D:\MQS_OpenCv\Paper_GS\Debug\link-cvtres.read.1.tlog
D:\MQS_OpenCv\Paper_GS\Debug\link-cvtres.write.1.tlog
D:\MQS_OpenCv\Paper_GS\Debug\Paper_GS.exe.embed.manifest
D:\MQS_OPENCV\PAPER_GS\DEBUG\PAPER_GS.EXE.EMBED.MANIFEST.RES
D:\MQS_OpenCv\Paper_GS\Debug\Paper_GS.exe.intermediate.manifest
D:\MQS_OpenCv\Paper_GS\Debug\Paper_GS.pdb
D:\MQS_OpenCv\Paper_GS\Debug\Paper_GS.write.1.tlog
D:\MQS_OpenCv\Paper_GS\Debug\Paper_GS_manifest.rc
D:\MQS_OpenCv\Paper_GS\Debug\rc.command.1.tlog
D:\MQS_OpenCv\Paper_GS\Debug\rc.read.1.tlog
D:\MQS_OpenCv\Paper_GS\Debug\rc.write.1.tlog
D:\MQS_OpenCv\Paper_GS\Debug\vc100.idb
D:\MQS_OPENCV\PAPER_GS\DEBUG\VC100.PDB
