生成启动时间为 2021/1/11 14:48:22。
     1>项目“D:\MQS_OpenCv\Gauss_Noise\Gauss_Noise.vcxproj”在节点 2 上(build 个目标)。
     1>InitializeBuildStatus:
         正在创建“Debug\Gauss_Noise.unsuccessfulbuild”，因为已指定“AlwaysCreate”。
       ClCompile:
         d:\Visual Studio 2010\VC\bin\CL.exe /c /ZI /nologo /W3 /WX- /Od /Oy- /D WIN32 /D _DEBUG /D _CONSOLE /D _UNICODE /D UNICODE /Gm /EHsc /RTC1 /MDd /GS /fp:precise /Zc:wchar_t /Zc:forScope /Fo"Debug\\" /Fd"Debug\vc100.pdb" /Gd /TP /analyze- /errorReport:prompt GN.cpp
         GN.cpp
     1>d:\mqs_opencv\gauss_noise\gn.cpp(75): warning C4244: “初始化”: 从“double”转换到“int”，可能丢失数据
       ManifestResourceCompile:
         所有输出均为最新。
       Link:
         d:\Visual Studio 2010\VC\bin\link.exe /ERRORREPORT:PROMPT /OUT:"D:\MQS_OpenCv\Gauss_Noise\Debug\Gauss_Noise.exe" /INCREMENTAL /NOLOGO "D:\OpenCV_old\opencv\build\x86\vc10\lib\*d.lib" "D:\OpenCV_old\opencv\build\x86\vc10\staticlib\*d.lib" kernel32.lib user32.lib gdi32.lib winspool.lib comdlg32.lib advapi32.lib shell32.lib ole32.lib oleaut32.lib uuid.lib odbc32.lib odbccp32.lib /MANIFEST /ManifestFile:"Debug\Gauss_Noise.exe.intermediate.manifest" /MANIFESTUAC:"level='asInvoker' uiAccess='false'" /DEBUG /PDB:"D:\MQS_OpenCv\Gauss_Noise\Debug\Gauss_Noise.pdb" /SUBSYSTEM:CONSOLE /TLBID:1 /DYNAMICBASE /NXCOMPAT /IMPLIB:"D:\MQS_OpenCv\Gauss_Noise\Debug\Gauss_Noise.lib" /MACHINE:X86 Debug\Gauss_Noise.exe.embed.manifest.res
         Debug\GN.obj
       Manifest:
         C:\Program Files (x86)\Microsoft SDKs\Windows\v7.0A\bin\mt.exe /nologo /verbose /out:"Debug\Gauss_Noise.exe.embed.manifest" /manifest Debug\Gauss_Noise.exe.intermediate.manifest
         所有输出均为最新。
       LinkEmbedManifest:
         所有输出均为最新。
         Gauss_Noise.vcxproj -> D:\MQS_OpenCv\Gauss_Noise\Debug\Gauss_Noise.exe
       FinalizeBuildStatus:
         正在删除文件“Debug\Gauss_Noise.unsuccessfulbuild”。
         正在对“Debug\Gauss_Noise.lastbuildstate”执行 Touch 任务。
     1>已完成生成项目“D:\MQS_OpenCv\Gauss_Noise\Gauss_Noise.vcxproj”(build 个目标)的操作。

生成成功。

已用时间 00:00:01.16
