D:\MQS_OpenCv\Median_filtering\Median_filtering\Debug\cl.command.1.tlog
D:\MQS_OpenCv\Median_filtering\Median_filtering\Debug\CL.read.1.tlog
D:\MQS_OpenCv\Median_filtering\Median_filtering\Debug\CL.write.1.tlog
D:\MQS_OpenCv\Median_filtering\Median_filtering\Debug\link.25848.read.1.tlog
D:\MQS_OpenCv\Median_filtering\Median_filtering\Debug\link.25848.write.1.tlog
D:\MQS_OpenCv\Median_filtering\Median_filtering\Debug\link.25848-cvtres.read.1.tlog
D:\MQS_OpenCv\Median_filtering\Median_filtering\Debug\link.25848-cvtres.write.1.tlog
D:\MQS_OpenCv\Median_filtering\Median_filtering\Debug\link.command.1.tlog
D:\MQS_OpenCv\Median_filtering\Median_filtering\Debug\link.read.1.tlog
D:\MQS_OpenCv\Median_filtering\Median_filtering\Debug\link.write.1.tlog
D:\MQS_OpenCv\Median_filtering\Median_filtering\Debug\link-cvtres.read.1.tlog
D:\MQS_OpenCv\Median_filtering\Median_filtering\Debug\link-cvtres.write.1.tlog
D:\MQS_OPENCV\MEDIAN_FILTERING\MEDIAN_FILTERING\DEBUG\MEDIAN_FILTERING.EXE
D:\MQS_OPENCV\MEDIAN_FILTERING\MEDIAN_FILTERING\DEBUG\MEDIAN_FILTERING.EXE.EMBED.MANIFEST
D:\MQS_OPENCV\MEDIAN_FILTERING\MEDIAN_FILTERING\DEBUG\MEDIAN_FILTERING.EXE.EMBED.MANIFEST.RES
D:\MQS_OPENCV\MEDIAN_FILTERING\MEDIAN_FILTERING\DEBUG\MEDIAN_FILTERING.EXE.INTERMEDIATE.MANIFEST
D:\MQS_OPENCV\MEDIAN_FILTERING\MEDIAN_FILTERING\DEBUG\MEDIAN_FILTERING.ILK
D:\MQS_OPENCV\MEDIAN_FILTERING\MEDIAN_FILTERING\DEBUG\MEDIAN_FILTERING.OBJ
D:\MQS_OPENCV\MEDIAN_FILTERING\MEDIAN_FILTERING\DEBUG\MEDIAN_FILTERING.PDB
D:\MQS_OpenCv\Median_filtering\Median_filtering\Debug\Median_filtering.vcxprojResolveAssemblyReference.cache
D:\MQS_OpenCv\Median_filtering\Median_filtering\Debug\Median_filtering.write.1.tlog
D:\MQS_OpenCv\Median_filtering\Median_filtering\Debug\Median_filtering_manifest.rc
D:\MQS_OpenCv\Median_filtering\Median_filtering\Debug\mt.command.1.tlog
D:\MQS_OpenCv\Median_filtering\Median_filtering\Debug\mt.read.1.tlog
D:\MQS_OpenCv\Median_filtering\Median_filtering\Debug\mt.write.1.tlog
D:\MQS_OpenCv\Median_filtering\Median_filtering\Debug\rc.command.1.tlog
D:\MQS_OpenCv\Median_filtering\Median_filtering\Debug\rc.read.1.tlog
D:\MQS_OpenCv\Median_filtering\Median_filtering\Debug\rc.write.1.tlog
D:\MQS_OpenCv\Median_filtering\Median_filtering\Debug\vc100.idb
D:\MQS_OPENCV\MEDIAN_FILTERING\MEDIAN_FILTERING\DEBUG\VC100.PDB
