生成启动时间为 2021/1/11 15:31:44。
     1>项目“D:\MQS_OpenCv\Median_filtering\Median_filtering\Median_filtering.vcxproj”在节点 2 上(build 个目标)。
     1>InitializeBuildStatus:
         正在创建“Debug\Median_filtering.unsuccessfulbuild”，因为已指定“AlwaysCreate”。
       ClCompile:
         d:\Visual Studio 2010\VC\bin\CL.exe /c /ZI /nologo /W3 /WX- /Od /Oy- /D WIN32 /D _DEBUG /D _CONSOLE /D _UNICODE /D UNICODE /Gm /EHsc /RTC1 /MDd /GS /fp:precise /Zc:wchar_t /Zc:forScope /Fo"Debug\\" /Fd"Debug\vc100.pdb" /Gd /TP /analyze- /errorReport:prompt Median_filtering.cpp
         Median_filtering.cpp
     1>d:\mqs_opencv\median_filtering\median_filtering\median_filtering.cpp(51): warning C4101: “i”: 未引用的局部变量
       ManifestResourceCompile:
         所有输出均为最新。
       Link:
         d:\Visual Studio 2010\VC\bin\link.exe /ERRORREPORT:PROMPT /OUT:"D:\MQS_OpenCv\Median_filtering\Median_filtering\Debug\Median_filtering.exe" /INCREMENTAL /NOLOGO "D:\OpenCV_old\opencv\build\x86\vc10\lib\*d.lib" "D:\OpenCV_old\opencv\build\x86\vc10\staticlib\*d.lib" kernel32.lib user32.lib gdi32.lib winspool.lib comdlg32.lib advapi32.lib shell32.lib ole32.lib oleaut32.lib uuid.lib odbc32.lib odbccp32.lib /MANIFEST /ManifestFile:"Debug\Median_filtering.exe.intermediate.manifest" /MANIFESTUAC:"level='asInvoker' uiAccess='false'" /DEBUG /PDB:"D:\MQS_OpenCv\Median_filtering\Median_filtering\Debug\Median_filtering.pdb" /SUBSYSTEM:CONSOLE /TLBID:1 /DYNAMICBASE /NXCOMPAT /IMPLIB:"D:\MQS_OpenCv\Median_filtering\Median_filtering\Debug\Median_filtering.lib" /MACHINE:X86 Debug\Median_filtering.exe.embed.manifest.res
         Debug\Median_filtering.obj
       Manifest:
         C:\Program Files (x86)\Microsoft SDKs\Windows\v7.0A\bin\mt.exe /nologo /verbose /out:"Debug\Median_filtering.exe.embed.manifest" /manifest Debug\Median_filtering.exe.intermediate.manifest
         所有输出均为最新。
       LinkEmbedManifest:
         所有输出均为最新。
         Median_filtering.vcxproj -> D:\MQS_OpenCv\Median_filtering\Median_filtering\Debug\Median_filtering.exe
       FinalizeBuildStatus:
         正在删除文件“Debug\Median_filtering.unsuccessfulbuild”。
         正在对“Debug\Median_filtering.lastbuildstate”执行 Touch 任务。
     1>已完成生成项目“D:\MQS_OpenCv\Median_filtering\Median_filtering\Median_filtering.vcxproj”(build 个目标)的操作。

生成成功。

已用时间 00:00:01.63
