D:\MQS_OPENCV\BILATERAL_FILTERING\DEBUG\BF.OBJ
D:\MQS_OPENCV\BILATERAL_FILTERING\DEBUG\BILATERAL_FILTERING.EXE
D:\MQS_OPENCV\BILATERAL_FILTERING\DEBUG\BILATERAL_FILTERING.EXE.EMBED.MANIFEST
D:\MQS_OPENCV\BILATERAL_FILTERING\DEBUG\BILATERAL_FILTERING.EXE.EMBED.MANIFEST.RES
D:\MQS_OPENCV\BILATERAL_FILTERING\DEBUG\BILATERAL_FILTERING.EXE.INTERMEDIATE.MANIFEST
D:\MQS_OPENCV\BILATERAL_FILTERING\DEBUG\BILATERAL_FILTERING.ILK
D:\MQS_OPENCV\BILATERAL_FILTERING\DEBUG\BILATERAL_FILTERING.PDB
D:\MQS_OpenCv\Bilateral_Filtering\Debug\Bilateral_Filtering.write.1.tlog
D:\MQS_OpenCv\Bilateral_Filtering\Debug\Bilateral_Filtering_manifest.rc
D:\MQS_OpenCv\Bilateral_Filtering\Debug\cl.command.1.tlog
D:\MQS_OpenCv\Bilateral_Filtering\Debug\CL.read.1.tlog
D:\MQS_OpenCv\Bilateral_Filtering\Debug\CL.write.1.tlog
D:\MQS_OpenCv\Bilateral_Filtering\Debug\link.48168.read.1.tlog
D:\MQS_OpenCv\Bilateral_Filtering\Debug\link.48168.write.1.tlog
D:\MQS_OpenCv\Bilateral_Filtering\Debug\link.48168-cvtres.read.1.tlog
D:\MQS_OpenCv\Bilateral_Filtering\Debug\link.48168-cvtres.write.1.tlog
D:\MQS_OpenCv\Bilateral_Filtering\Debug\link.command.1.tlog
D:\MQS_OpenCv\Bilateral_Filtering\Debug\link.read.1.tlog
D:\MQS_OpenCv\Bilateral_Filtering\Debug\link.write.1.tlog
D:\MQS_OpenCv\Bilateral_Filtering\Debug\link-cvtres.read.1.tlog
D:\MQS_OpenCv\Bilateral_Filtering\Debug\link-cvtres.write.1.tlog
D:\MQS_OpenCv\Bilateral_Filtering\Debug\mt.command.1.tlog
D:\MQS_OpenCv\Bilateral_Filtering\Debug\mt.read.1.tlog
D:\MQS_OpenCv\Bilateral_Filtering\Debug\mt.write.1.tlog
D:\MQS_OpenCv\Bilateral_Filtering\Debug\rc.command.1.tlog
D:\MQS_OpenCv\Bilateral_Filtering\Debug\rc.read.1.tlog
D:\MQS_OpenCv\Bilateral_Filtering\Debug\rc.write.1.tlog
D:\MQS_OpenCv\Bilateral_Filtering\Debug\vc100.idb
D:\MQS_OPENCV\BILATERAL_FILTERING\DEBUG\VC100.PDB
