D:\MQS_OpenCv\vertical\Debug\cl.command.1.tlog
D:\MQS_OpenCv\vertical\Debug\CL.read.1.tlog
D:\MQS_OpenCv\vertical\Debug\CL.write.1.tlog
D:\MQS_OpenCv\vertical\Debug\link.16516.read.1.tlog
D:\MQS_OpenCv\vertical\Debug\link.16516.write.1.tlog
D:\MQS_OpenCv\vertical\Debug\link.16516-cvtres.read.1.tlog
D:\MQS_OpenCv\vertical\Debug\link.16516-cvtres.write.1.tlog
D:\MQS_OpenCv\vertical\Debug\link.command.1.tlog
D:\MQS_OpenCv\vertical\Debug\link.read.1.tlog
D:\MQS_OpenCv\vertical\Debug\link.write.1.tlog
D:\MQS_OpenCv\vertical\Debug\link-cvtres.read.1.tlog
D:\MQS_OpenCv\vertical\Debug\link-cvtres.write.1.tlog
D:\MQS_OpenCv\vertical\Debug\mt.command.1.tlog
D:\MQS_OpenCv\vertical\Debug\mt.read.1.tlog
D:\MQS_OpenCv\vertical\Debug\mt.write.1.tlog
D:\MQS_OpenCv\vertical\Debug\rc.command.1.tlog
D:\MQS_OpenCv\vertical\Debug\rc.read.1.tlog
D:\MQS_OpenCv\vertical\Debug\rc.write.1.tlog
D:\MQS_OpenCv\vertical\Debug\vc100.idb
D:\MQS_OPENCV\VERTICAL\DEBUG\VC100.PDB
D:\MQS_OPENCV\VERTICAL\DEBUG\VERTICAL.EXE
D:\MQS_OPENCV\VERTICAL\DEBUG\VERTICAL.EXE.EMBED.MANIFEST
D:\MQS_OPENCV\VERTICAL\DEBUG\VERTICAL.EXE.EMBED.MANIFEST.RES
D:\MQS_OPENCV\VERTICAL\DEBUG\VERTICAL.EXE.INTERMEDIATE.MANIFEST
D:\MQS_OPENCV\VERTICAL\DEBUG\VERTICAL.ILK
D:\MQS_OPENCV\VERTICAL\DEBUG\VERTICAL.OBJ
D:\MQS_OPENCV\VERTICAL\DEBUG\VERTICAL.PDB
D:\MQS_OpenCv\vertical\Debug\vertical.write.1.tlog
D:\MQS_OpenCv\vertical\Debug\vertical_manifest.rc
