D:\MQS_OpenCv\rotate_vertical\Debug\cl.command.1.tlog
D:\MQS_OpenCv\rotate_vertical\Debug\CL.read.1.tlog
D:\MQS_OpenCv\rotate_vertical\Debug\CL.write.1.tlog
D:\MQS_OpenCv\rotate_vertical\Debug\link.12372.read.1.tlog
D:\MQS_OpenCv\rotate_vertical\Debug\link.12372.write.1.tlog
D:\MQS_OpenCv\rotate_vertical\Debug\link.12372-cvtres.read.1.tlog
D:\MQS_OpenCv\rotate_vertical\Debug\link.12372-cvtres.write.1.tlog
D:\MQS_OpenCv\rotate_vertical\Debug\link.command.1.tlog
D:\MQS_OpenCv\rotate_vertical\Debug\link.read.1.tlog
D:\MQS_OpenCv\rotate_vertical\Debug\link.write.1.tlog
D:\MQS_OpenCv\rotate_vertical\Debug\link-cvtres.read.1.tlog
D:\MQS_OpenCv\rotate_vertical\Debug\link-cvtres.write.1.tlog
D:\MQS_OpenCv\rotate_vertical\Debug\mt.command.1.tlog
D:\MQS_OpenCv\rotate_vertical\Debug\mt.read.1.tlog
D:\MQS_OpenCv\rotate_vertical\Debug\mt.write.1.tlog
D:\MQS_OpenCv\rotate_vertical\Debug\rc.command.1.tlog
D:\MQS_OpenCv\rotate_vertical\Debug\rc.read.1.tlog
D:\MQS_OpenCv\rotate_vertical\Debug\rc.write.1.tlog
D:\MQS_OPENCV\ROTATE_VERTICAL\DEBUG\ROTATE_VERTICAL.EXE
D:\MQS_OPENCV\ROTATE_VERTICAL\DEBUG\ROTATE_VERTICAL.EXE.EMBED.MANIFEST
D:\MQS_OPENCV\ROTATE_VERTICAL\DEBUG\ROTATE_VERTICAL.EXE.EMBED.MANIFEST.RES
D:\MQS_OPENCV\ROTATE_VERTICAL\DEBUG\ROTATE_VERTICAL.EXE.INTERMEDIATE.MANIFEST
D:\MQS_OPENCV\ROTATE_VERTICAL\DEBUG\ROTATE_VERTICAL.ILK
D:\MQS_OPENCV\ROTATE_VERTICAL\DEBUG\ROTATE_VERTICAL.OBJ
D:\MQS_OPENCV\ROTATE_VERTICAL\DEBUG\ROTATE_VERTICAL.PDB
D:\MQS_OpenCv\rotate_vertical\Debug\rotate_vertical.write.1.tlog
D:\MQS_OpenCv\rotate_vertical\Debug\rotate_vertical_manifest.rc
D:\MQS_OpenCv\rotate_vertical\Debug\vc100.idb
D:\MQS_OPENCV\ROTATE_VERTICAL\DEBUG\VC100.PDB
