生成启动时间为 2020/12/29 19:31:20。
     1>项目“D:\MQS_OpenCv\Hough_Transform\Hough_Transform.vcxproj”在节点 2 上(build 个目标)。
     1>InitializeBuildStatus:
         正在创建“Debug\Hough_Transform.unsuccessfulbuild”，因为已指定“AlwaysCreate”。
       ClCompile:
         d:\Visual Studio 2010\VC\bin\CL.exe /c /ZI /nologo /W3 /WX- /Od /Oy- /D WIN32 /D _DEBUG /D _CONSOLE /D _UNICODE /D UNICODE /Gm /EHsc /RTC1 /MDd /GS /fp:precise /Zc:wchar_t /Zc:forScope /Fo"Debug\\" /Fd"Debug\vc100.pdb" /Gd /TP /analyze- /errorReport:prompt Hough_Transform.cpp
         Hough_Transform.cpp
     1>d:\opencv_old\opencv\build\include\opencv2\flann\logger.h(66): warning C4996: 'fopen': This function or variable may be unsafe. Consider using fopen_s instead. To disable deprecation, use _CRT_SECURE_NO_WARNINGS. See online help for details.
                 d:\visual studio 2010\vc\include\stdio.h(234) : 参见“fopen”的声明
     1>d:\mqs_opencv\hough_transform\hough_transform.cpp(103): warning C4244: “=”: 从“double”转换到“char”，可能丢失数据
     1>d:\mqs_opencv\hough_transform\hough_transform.cpp(162): warning C4309: “=”: 截断常量值
     1>d:\mqs_opencv\hough_transform\hough_transform.cpp(163): warning C4309: “=”: 截断常量值
     1>d:\mqs_opencv\hough_transform\hough_transform.cpp(164): warning C4309: “=”: 截断常量值
     1>d:\mqs_opencv\hough_transform\hough_transform.cpp(165): warning C4309: “=”: 截断常量值
     1>d:\mqs_opencv\hough_transform\hough_transform.cpp(174): warning C4309: “=”: 截断常量值
     1>d:\mqs_opencv\hough_transform\hough_transform.cpp(175): warning C4309: “=”: 截断常量值
     1>d:\mqs_opencv\hough_transform\hough_transform.cpp(176): warning C4309: “=”: 截断常量值
     1>d:\mqs_opencv\hough_transform\hough_transform.cpp(177): warning C4309: “=”: 截断常量值
       ManifestResourceCompile:
         所有输出均为最新。
       Link:
         d:\Visual Studio 2010\VC\bin\link.exe /ERRORREPORT:PROMPT /OUT:"D:\MQS_OpenCv\Hough_Transform\Debug\Hough_Transform.exe" /INCREMENTAL /NOLOGO "D:\OpenCV_old\opencv\build\x86\vc10\lib\*d.lib" "D:\OpenCV_old\opencv\build\x86\vc10\staticlib\*d.lib" kernel32.lib user32.lib gdi32.lib winspool.lib comdlg32.lib advapi32.lib shell32.lib ole32.lib oleaut32.lib uuid.lib odbc32.lib odbccp32.lib /MANIFEST /ManifestFile:"Debug\Hough_Transform.exe.intermediate.manifest" /MANIFESTUAC:"level='asInvoker' uiAccess='false'" /DEBUG /PDB:"D:\MQS_OpenCv\Hough_Transform\Debug\Hough_Transform.pdb" /SUBSYSTEM:CONSOLE /TLBID:1 /DYNAMICBASE /NXCOMPAT /IMPLIB:"D:\MQS_OpenCv\Hough_Transform\Debug\Hough_Transform.lib" /MACHINE:X86 Debug\Hough_Transform.exe.embed.manifest.res
         Debug\Hough_Transform.obj
       Manifest:
         C:\Program Files (x86)\Microsoft SDKs\Windows\v7.0A\bin\mt.exe /nologo /verbose /out:"Debug\Hough_Transform.exe.embed.manifest" /manifest Debug\Hough_Transform.exe.intermediate.manifest
         所有输出均为最新。
       LinkEmbedManifest:
         所有输出均为最新。
         Hough_Transform.vcxproj -> D:\MQS_OpenCv\Hough_Transform\Debug\Hough_Transform.exe
       FinalizeBuildStatus:
         正在删除文件“Debug\Hough_Transform.unsuccessfulbuild”。
         正在对“Debug\Hough_Transform.lastbuildstate”执行 Touch 任务。
     1>已完成生成项目“D:\MQS_OpenCv\Hough_Transform\Hough_Transform.vcxproj”(build 个目标)的操作。

生成成功。

已用时间 00:00:01.68
