生成启动时间为 2020/12/22 19:37:41。
     1>项目“D:\MQS_OpenCv\Recursive_Transform\Recursive_Transform.vcxproj”在节点 2 上(build 个目标)。
     1>InitializeBuildStatus:
         正在创建“Debug\Recursive_Transform.unsuccessfulbuild”，因为已指定“AlwaysCreate”。
       ClCompile:
         d:\Visual Studio 2010\VC\bin\CL.exe /c /ZI /nologo /W3 /WX- /Od /Oy- /D WIN32 /D _DEBUG /D _CONSOLE /D _UNICODE /D UNICODE /Gm /EHsc /RTC1 /MDd /GS /fp:precise /Zc:wchar_t /Zc:forScope /Fo"Debug\\" /Fd"Debug\vc100.pdb" /Gd /TP /analyze- /errorReport:prompt Recursive_Transform.cpp
         Recursive_Transform.cpp
       ManifestResourceCompile:
         所有输出均为最新。
       Link:
         d:\Visual Studio 2010\VC\bin\link.exe /ERRORREPORT:PROMPT /OUT:"D:\MQS_OpenCv\Recursive_Transform\Debug\Recursive_Transform.exe" /INCREMENTAL /NOLOGO "D:\OpenCV_old\opencv\build\x86\vc10\lib\*d.lib" "D:\OpenCV_old\opencv\build\x86\vc10\staticlib\*d.lib" kernel32.lib user32.lib gdi32.lib winspool.lib comdlg32.lib advapi32.lib shell32.lib ole32.lib oleaut32.lib uuid.lib odbc32.lib odbccp32.lib /MANIFEST /ManifestFile:"Debug\Recursive_Transform.exe.intermediate.manifest" /MANIFESTUAC:"level='asInvoker' uiAccess='false'" /DEBUG /PDB:"D:\MQS_OpenCv\Recursive_Transform\Debug\Recursive_Transform.pdb" /SUBSYSTEM:CONSOLE /STACK:"100000000" /TLBID:1 /DYNAMICBASE /NXCOMPAT /IMPLIB:"D:\MQS_OpenCv\Recursive_Transform\Debug\Recursive_Transform.lib" /MACHINE:X86 Debug\Recursive_Transform.exe.embed.manifest.res
         Debug\Recursive_Transform.obj
       Manifest:
         C:\Program Files (x86)\Microsoft SDKs\Windows\v7.0A\bin\mt.exe /nologo /verbose /out:"Debug\Recursive_Transform.exe.embed.manifest" /manifest Debug\Recursive_Transform.exe.intermediate.manifest
         所有输出均为最新。
       LinkEmbedManifest:
         所有输出均为最新。
         Recursive_Transform.vcxproj -> D:\MQS_OpenCv\Recursive_Transform\Debug\Recursive_Transform.exe
       FinalizeBuildStatus:
         正在删除文件“Debug\Recursive_Transform.unsuccessfulbuild”。
         正在对“Debug\Recursive_Transform.lastbuildstate”执行 Touch 任务。
     1>已完成生成项目“D:\MQS_OpenCv\Recursive_Transform\Recursive_Transform.vcxproj”(build 个目标)的操作。

生成成功。

已用时间 00:00:02.13
