D:\MQS_OpenCv\rotate\Debug\cl.command.1.tlog
D:\MQS_OpenCv\rotate\Debug\CL.read.1.tlog
D:\MQS_OpenCv\rotate\Debug\CL.write.1.tlog
D:\MQS_OpenCv\rotate\Debug\link.13620.read.1.tlog
D:\MQS_OpenCv\rotate\Debug\link.13620.write.1.tlog
D:\MQS_OpenCv\rotate\Debug\link.13620-cvtres.read.1.tlog
D:\MQS_OpenCv\rotate\Debug\link.13620-cvtres.write.1.tlog
D:\MQS_OpenCv\rotate\Debug\link.15276.read.1.tlog
D:\MQS_OpenCv\rotate\Debug\link.15276.write.1.tlog
D:\MQS_OpenCv\rotate\Debug\link.15276-cvtres.read.1.tlog
D:\MQS_OpenCv\rotate\Debug\link.15276-cvtres.write.1.tlog
D:\MQS_OpenCv\rotate\Debug\link.command.1.tlog
D:\MQS_OpenCv\rotate\Debug\link.read.1.tlog
D:\MQS_OpenCv\rotate\Debug\link.write.1.tlog
D:\MQS_OpenCv\rotate\Debug\link-cvtres.read.1.tlog
D:\MQS_OpenCv\rotate\Debug\link-cvtres.write.1.tlog
D:\MQS_OpenCv\rotate\Debug\mt.command.1.tlog
D:\MQS_OpenCv\rotate\Debug\mt.read.1.tlog
D:\MQS_OpenCv\rotate\Debug\mt.write.1.tlog
D:\MQS_OpenCv\rotate\Debug\rc.command.1.tlog
D:\MQS_OpenCv\rotate\Debug\rc.read.1.tlog
D:\MQS_OpenCv\rotate\Debug\rc.write.1.tlog
D:\MQS_OPENCV\ROTATE\DEBUG\ROTATE.EXE
D:\MQS_OPENCV\ROTATE\DEBUG\ROTATE.EXE.EMBED.MANIFEST
D:\MQS_OPENCV\ROTATE\DEBUG\ROTATE.EXE.EMBED.MANIFEST.RES
D:\MQS_OPENCV\ROTATE\DEBUG\ROTATE.EXE.INTERMEDIATE.MANIFEST
D:\MQS_OPENCV\ROTATE\DEBUG\ROTATE.ILK
D:\MQS_OPENCV\ROTATE\DEBUG\ROTATE.OBJ
D:\MQS_OPENCV\ROTATE\DEBUG\ROTATE.PDB
D:\MQS_OpenCv\rotate\Debug\rotate.write.1.tlog
D:\MQS_OpenCv\rotate\Debug\rotate_manifest.rc
D:\MQS_OpenCv\rotate\Debug\vc100.idb
D:\MQS_OPENCV\ROTATE\DEBUG\VC100.PDB
