D:\MQS_OpenCv\Gauss\Gauss\Debug\cl.command.1.tlog
D:\MQS_OpenCv\Gauss\Gauss\Debug\CL.read.1.tlog
D:\MQS_OpenCv\Gauss\Gauss\Debug\CL.write.1.tlog
D:\MQS_OPENCV\GAUSS\GAUSS\DEBUG\GAUSS.EXE
D:\MQS_OPENCV\GAUSS\GAUSS\DEBUG\GAUSS.EXE.EMBED.MANIFEST
D:\MQS_OPENCV\GAUSS\GAUSS\DEBUG\GAUSS.EXE.EMBED.MANIFEST.RES
D:\MQS_OPENCV\GAUSS\GAUSS\DEBUG\GAUSS.EXE.INTERMEDIATE.MANIFEST
D:\MQS_OPENCV\GAUSS\GAUSS\DEBUG\GAUSS.ILK
D:\MQS_OPENCV\GAUSS\GAUSS\DEBUG\GAUSS.OBJ
D:\MQS_OPENCV\GAUSS\GAUSS\DEBUG\GAUSS.PDB
D:\MQS_OpenCv\Gauss\Gauss\Debug\Gauss.write.1.tlog
D:\MQS_OpenCv\Gauss\Gauss\Debug\Gauss_manifest.rc
D:\MQS_OpenCv\Gauss\Gauss\Debug\link.44188.read.1.tlog
D:\MQS_OpenCv\Gauss\Gauss\Debug\link.44188.write.1.tlog
D:\MQS_OpenCv\Gauss\Gauss\Debug\link.44188-cvtres.read.1.tlog
D:\MQS_OpenCv\Gauss\Gauss\Debug\link.44188-cvtres.write.1.tlog
D:\MQS_OpenCv\Gauss\Gauss\Debug\link.command.1.tlog
D:\MQS_OpenCv\Gauss\Gauss\Debug\link.read.1.tlog
D:\MQS_OpenCv\Gauss\Gauss\Debug\link.write.1.tlog
D:\MQS_OpenCv\Gauss\Gauss\Debug\link-cvtres.read.1.tlog
D:\MQS_OpenCv\Gauss\Gauss\Debug\link-cvtres.write.1.tlog
D:\MQS_OpenCv\Gauss\Gauss\Debug\mt.command.1.tlog
D:\MQS_OpenCv\Gauss\Gauss\Debug\mt.read.1.tlog
D:\MQS_OpenCv\Gauss\Gauss\Debug\mt.write.1.tlog
D:\MQS_OpenCv\Gauss\Gauss\Debug\rc.command.1.tlog
D:\MQS_OpenCv\Gauss\Gauss\Debug\rc.read.1.tlog
D:\MQS_OpenCv\Gauss\Gauss\Debug\rc.write.1.tlog
D:\MQS_OpenCv\Gauss\Gauss\Debug\vc100.idb
D:\MQS_OPENCV\GAUSS\GAUSS\DEBUG\VC100.PDB
