生成启动时间为 2021/1/11 15:28:04。
     1>项目“D:\MQS_OpenCv\Gauss\Gauss\Gauss.vcxproj”在节点 2 上(build 个目标)。
     1>InitializeBuildStatus:
         正在创建“Debug\Gauss.unsuccessfulbuild”，因为已指定“AlwaysCreate”。
       ClCompile:
         d:\Visual Studio 2010\VC\bin\CL.exe /c /ZI /nologo /W3 /WX- /Od /Oy- /D WIN32 /D _DEBUG /D _CONSOLE /D _UNICODE /D UNICODE /Gm /EHsc /RTC1 /MDd /GS /fp:precise /Zc:wchar_t /Zc:forScope /Fo"Debug\\" /Fd"Debug\vc100.pdb" /Gd /TP /analyze- /errorReport:prompt Gauss.cpp
         Gauss.cpp
     1>d:\mqs_opencv\gauss\gauss\gauss.cpp(64): warning C4244: “=”: 从“double”转换到“char”，可能丢失数据
       ManifestResourceCompile:
         所有输出均为最新。
       Link:
         d:\Visual Studio 2010\VC\bin\link.exe /ERRORREPORT:PROMPT /OUT:"D:\MQS_OpenCv\Gauss\Gauss\Debug\Gauss.exe" /INCREMENTAL /NOLOGO "D:\OpenCV_old\opencv\build\x86\vc10\lib\*d.lib" "D:\OpenCV_old\opencv\build\x86\vc10\staticlib\*d.lib" kernel32.lib user32.lib gdi32.lib winspool.lib comdlg32.lib advapi32.lib shell32.lib ole32.lib oleaut32.lib uuid.lib odbc32.lib odbccp32.lib /MANIFEST /ManifestFile:"Debug\Gauss.exe.intermediate.manifest" /MANIFESTUAC:"level='asInvoker' uiAccess='false'" /DEBUG /PDB:"D:\MQS_OpenCv\Gauss\Gauss\Debug\Gauss.pdb" /SUBSYSTEM:CONSOLE /TLBID:1 /DYNAMICBASE /NXCOMPAT /IMPLIB:"D:\MQS_OpenCv\Gauss\Gauss\Debug\Gauss.lib" /MACHINE:X86 Debug\Gauss.exe.embed.manifest.res
         Debug\Gauss.obj
       Manifest:
         C:\Program Files (x86)\Microsoft SDKs\Windows\v7.0A\bin\mt.exe /nologo /verbose /out:"Debug\Gauss.exe.embed.manifest" /manifest Debug\Gauss.exe.intermediate.manifest
         所有输出均为最新。
       LinkEmbedManifest:
         所有输出均为最新。
         Gauss.vcxproj -> D:\MQS_OpenCv\Gauss\Gauss\Debug\Gauss.exe
       FinalizeBuildStatus:
         正在删除文件“Debug\Gauss.unsuccessfulbuild”。
         正在对“Debug\Gauss.lastbuildstate”执行 Touch 任务。
     1>已完成生成项目“D:\MQS_OpenCv\Gauss\Gauss\Gauss.vcxproj”(build 个目标)的操作。

生成成功。

已用时间 00:00:01.52
