D:\MQS_OpenCv\Pulse_Noise\Debug\cl.command.1.tlog
D:\MQS_OpenCv\Pulse_Noise\Debug\CL.read.1.tlog
D:\MQS_OpenCv\Pulse_Noise\Debug\CL.write.1.tlog
D:\MQS_OpenCv\Pulse_Noise\Debug\link.11072.read.1.tlog
D:\MQS_OpenCv\Pulse_Noise\Debug\link.11072.write.1.tlog
D:\MQS_OpenCv\Pulse_Noise\Debug\link.11072-cvtres.read.1.tlog
D:\MQS_OpenCv\Pulse_Noise\Debug\link.11072-cvtres.write.1.tlog
D:\MQS_OpenCv\Pulse_Noise\Debug\link.command.1.tlog
D:\MQS_OpenCv\Pulse_Noise\Debug\link.read.1.tlog
D:\MQS_OpenCv\Pulse_Noise\Debug\link.write.1.tlog
D:\MQS_OpenCv\Pulse_Noise\Debug\link-cvtres.read.1.tlog
D:\MQS_OpenCv\Pulse_Noise\Debug\link-cvtres.write.1.tlog
D:\MQS_OpenCv\Pulse_Noise\Debug\mt.command.1.tlog
D:\MQS_OpenCv\Pulse_Noise\Debug\mt.read.1.tlog
D:\MQS_OpenCv\Pulse_Noise\Debug\mt.write.1.tlog
D:\MQS_OPENCV\PULSE_NOISE\DEBUG\PN.OBJ
D:\MQS_OPENCV\PULSE_NOISE\DEBUG\PULSE_NOISE.EXE
D:\MQS_OPENCV\PULSE_NOISE\DEBUG\PULSE_NOISE.EXE.EMBED.MANIFEST
D:\MQS_OPENCV\PULSE_NOISE\DEBUG\PULSE_NOISE.EXE.EMBED.MANIFEST.RES
D:\MQS_OPENCV\PULSE_NOISE\DEBUG\PULSE_NOISE.EXE.INTERMEDIATE.MANIFEST
D:\MQS_OPENCV\PULSE_NOISE\DEBUG\PULSE_NOISE.ILK
D:\MQS_OPENCV\PULSE_NOISE\DEBUG\PULSE_NOISE.PDB
D:\MQS_OpenCv\Pulse_Noise\Debug\Pulse_Noise.write.1.tlog
D:\MQS_OpenCv\Pulse_Noise\Debug\Pulse_Noise_manifest.rc
D:\MQS_OpenCv\Pulse_Noise\Debug\rc.command.1.tlog
D:\MQS_OpenCv\Pulse_Noise\Debug\rc.read.1.tlog
D:\MQS_OpenCv\Pulse_Noise\Debug\rc.write.1.tlog
D:\MQS_OpenCv\Pulse_Noise\Debug\vc100.idb
D:\MQS_OPENCV\PULSE_NOISE\DEBUG\VC100.PDB
