D:\MQS_OPENCV\3X3\3X3\DEBUG\3X3.EXE
D:\MQS_OPENCV\3X3\3X3\DEBUG\3X3.EXE.EMBED.MANIFEST
D:\MQS_OPENCV\3X3\3X3\DEBUG\3X3.EXE.EMBED.MANIFEST.RES
D:\MQS_OPENCV\3X3\3X3\DEBUG\3X3.EXE.INTERMEDIATE.MANIFEST
D:\MQS_OPENCV\3X3\3X3\DEBUG\3X3.ILK
D:\MQS_OPENCV\3X3\3X3\DEBUG\3X3.OBJ
D:\MQS_OPENCV\3X3\3X3\DEBUG\3X3.PDB
D:\MQS_OpenCv\3x3\3x3\Debug\3x3.write.1.tlog
D:\MQS_OpenCv\3x3\3x3\Debug\3x3_manifest.rc
D:\MQS_OpenCv\3x3\3x3\Debug\cl.command.1.tlog
D:\MQS_OpenCv\3x3\3x3\Debug\CL.read.1.tlog
D:\MQS_OpenCv\3x3\3x3\Debug\CL.write.1.tlog
D:\MQS_OpenCv\3x3\3x3\Debug\link.1164.read.1.tlog
D:\MQS_OpenCv\3x3\3x3\Debug\link.1164.write.1.tlog
D:\MQS_OpenCv\3x3\3x3\Debug\link.1164-cvtres.read.1.tlog
D:\MQS_OpenCv\3x3\3x3\Debug\link.1164-cvtres.write.1.tlog
D:\MQS_OpenCv\3x3\3x3\Debug\link.command.1.tlog
D:\MQS_OpenCv\3x3\3x3\Debug\link.read.1.tlog
D:\MQS_OpenCv\3x3\3x3\Debug\link.write.1.tlog
D:\MQS_OpenCv\3x3\3x3\Debug\link-cvtres.read.1.tlog
D:\MQS_OpenCv\3x3\3x3\Debug\link-cvtres.write.1.tlog
D:\MQS_OpenCv\3x3\3x3\Debug\mt.command.1.tlog
D:\MQS_OpenCv\3x3\3x3\Debug\mt.read.1.tlog
D:\MQS_OpenCv\3x3\3x3\Debug\mt.write.1.tlog
D:\MQS_OpenCv\3x3\3x3\Debug\rc.command.1.tlog
D:\MQS_OpenCv\3x3\3x3\Debug\rc.read.1.tlog
D:\MQS_OpenCv\3x3\3x3\Debug\rc.write.1.tlog
D:\MQS_OpenCv\3x3\3x3\Debug\vc100.idb
D:\MQS_OPENCV\3X3\3X3\DEBUG\VC100.PDB
